<?xml version="1.0" encoding="UTF-8"?>
<!-- Generated by org.testng.reporters.JUnitXMLReporter -->
<testsuite ignored="0" hostname="LAPTOP-QAQ7I9GF" failures="0" tests="4" name="Test" time="55.134" errors="0" timestamp="2024-05-28T15:24:03 IST">
  <testcase classname="TestCases.VerifySignup" name="signup" time="37.951"/>
  <testcase classname="TestCases.VerifyLogin" name="Login" time="0.777"/>
  <testcase classname="TestCases.VerifyLogin" name="Login" time="0.528"/>
  <testcase classname="TestCases.VerifyLogin" name="Login" time="0.517"/>
</testsuite> <!-- Test -->
